\BOOKMARK [0][-]{chapter.1}{\376\377\000A\000l\000g\000o\000r\000i\000t\000m\000o\000s\000\040\000d\000e\000\040\000o\000r\000d\000e\000n\000a\000m\000i\000e\000n\000t\000o}{}% 1
\BOOKMARK [1][-]{section.1.1}{\376\377\000O\000r\000d\000e\000n\000a\000m\000i\000e\000n\000t\000o\000\040\000p\000o\000r\000\040\000c\000o\000m\000p\000a\000r\000a\000c\000i\000\363\000n}{chapter.1}% 2
\BOOKMARK [2][-]{subsection.1.1.1}{\376\377\000B\000u\000r\000b\000u\000j\000a\000\040\000\050\000B\000u\000b\000b\000l\000e\000\040\000S\000o\000r\000t\000\051}{section.1.1}% 3
\BOOKMARK [2][-]{subsection.1.1.2}{\376\377\000I\000n\000s\000e\000r\000c\000i\000\363\000n\000\040\000\050\000I\000n\000s\000e\000r\000t\000i\000o\000n\000\040\000S\000o\000r\000t\000\051}{section.1.1}% 4
\BOOKMARK [2][-]{subsection.1.1.3}{\376\377\000S\000e\000l\000e\000c\000c\000i\000\363\000n\000\040\000\050\000S\000e\000l\000e\000c\000t\000i\000o\000n\000\040\000S\000o\000r\000t\000\051}{section.1.1}% 5
\BOOKMARK [2][-]{subsection.1.1.4}{\376\377\000S\000h\000e\000l\000l\000\040\000S\000o\000r\000t}{section.1.1}% 6
\BOOKMARK [2][-]{subsection.1.1.5}{\376\377\000M\000e\000r\000g\000e\000\040\000S\000o\000r\000t}{section.1.1}% 7
\BOOKMARK [2][-]{subsection.1.1.6}{\376\377\000Q\000u\000i\000c\000k\000\040\000S\000o\000r\000t}{section.1.1}% 8
\BOOKMARK [2][-]{subsection.1.1.7}{\376\377\000H\000e\000a\000p\000\040\000S\000o\000r\000t}{section.1.1}% 9
\BOOKMARK [2][-]{subsection.1.1.8}{\376\377\000I\000m\000p\000l\000e\000m\000e\000n\000t\000a\000c\000i\000o\000n\000e\000s}{section.1.1}% 10
\BOOKMARK [2][-]{subsection.1.1.9}{\376\377\000T\000i\000m\000S\000o\000r\000t}{section.1.1}% 11
\BOOKMARK [2][-]{subsection.1.1.10}{\376\377\000I\000m\000p\000l\000e\000m\000e\000n\000t\000a\000c\000i\000o\000n\000e\000s}{section.1.1}% 12
\BOOKMARK [2][-]{subsection.1.1.11}{\376\377\000T\000r\000e\000e\000\040\000S\000o\000r\000t}{section.1.1}% 13
\BOOKMARK [2][-]{subsection.1.1.12}{\376\377\000I\000m\000p\000l\000e\000m\000e\000n\000t\000a\000c\000i\000o\000n\000e\000s}{section.1.1}% 14
\BOOKMARK [1][-]{section.1.2}{\376\377\000O\000r\000d\000e\000n\000a\000m\000i\000e\000n\000t\000o\000\040\000n\000o\000\040\000c\000o\000m\000p\000a\000r\000a\000t\000i\000v\000o}{chapter.1}% 15
\BOOKMARK [2][-]{subsection.1.2.1}{\376\377\000C\000o\000u\000n\000t\000i\000n\000g\000\040\000S\000o\000r\000t}{section.1.2}% 16
\BOOKMARK [2][-]{subsection.1.2.2}{\376\377\000R\000a\000d\000i\000x\000\040\000S\000o\000r\000t}{section.1.2}% 17
\BOOKMARK [2][-]{subsection.1.2.3}{\376\377\000B\000u\000c\000k\000e\000t\000\040\000S\000o\000r\000t}{section.1.2}% 18
\BOOKMARK [1][-]{section.1.3}{\376\377\000O\000r\000d\000e\000n\000a\000m\000i\000e\000n\000t\000o\000\040\000a\000d\000a\000p\000t\000a\000t\000i\000v\000o}{chapter.1}% 19
\BOOKMARK [2][-]{subsection.1.3.1}{\376\377\000T\000i\000m\000S\000o\000r\000t}{section.1.3}% 20
\BOOKMARK [1][-]{section.1.4}{\376\377\000A\000l\000g\000o\000r\000i\000t\000m\000o\000s\000\040\000n\000o\000t\000a\000b\000l\000e\000s}{chapter.1}% 21
\BOOKMARK [2][-]{subsection.1.4.1}{\376\377\000P\000a\000n\000c\000a\000k\000e\000\040\000S\000o\000r\000t}{section.1.4}% 22
\BOOKMARK [2][-]{subsection.1.4.2}{\376\377\000G\000n\000o\000m\000e\000\040\000S\000o\000r\000t}{section.1.4}% 23
\BOOKMARK [2][-]{subsection.1.4.3}{\376\377\000C\000o\000c\000k\000t\000a\000i\000l\000\040\000S\000h\000a\000k\000e\000r\000\040\000S\000o\000r\000t}{section.1.4}% 24
\BOOKMARK [2][-]{subsection.1.4.4}{\376\377\000C\000o\000m\000b\000\040\000S\000o\000r\000t}{section.1.4}% 25
\BOOKMARK [2][-]{subsection.1.4.5}{\376\377\000B\000o\000g\000o\000\040\000S\000o\000r\000t}{section.1.4}% 26
\BOOKMARK [0][-]{chapter.2}{\376\377\000B\000u\000s\000q\000u\000e\000d\000a}{}% 27
\BOOKMARK [0][-]{chapter.3}{\376\377\000E\000s\000t\000r\000u\000c\000t\000u\000r\000a\000s\000\040\000d\000e\000\040\000d\000a\000t\000o\000s}{}% 28
